[debug] [2022-11-08T01:22:07.801Z] ----------------------------------------------------------------------
[debug] [2022-11-08T01:22:07.803Z] Command:       C:\Program Files\nodejs\node.exe C:\Users\Jack\AppData\Roaming\npm\node_modules\firebase-tools\lib\bin\firebase.js init hosting
[debug] [2022-11-08T01:22:07.804Z] CLI Version:   11.16.0
[debug] [2022-11-08T01:22:07.804Z] Platform:      win32
[debug] [2022-11-08T01:22:07.804Z] Node Version:  v16.17.0
[debug] [2022-11-08T01:22:07.805Z] Time:          Mon Nov 07 2022 19:22:07 GMT-0600 (Central Standard Time)
[debug] [2022-11-08T01:22:07.805Z] ----------------------------------------------------------------------
[debug] 
[debug] [2022-11-08T01:22:07.813Z] > command requires scopes: ["email","openid","https://www.googleapis.com/auth/cloudplatformprojects.readonly","https://www.googleapis.com/auth/firebase","https://www.googleapis.com/auth/cloud-platform"]
[debug] [2022-11-08T01:22:07.813Z] > authorizing via signed-in user (hulenjack@gmail.com)
[info] 
     ######## #### ########  ######## ########     ###     ######  ########
     ##        ##  ##     ## ##       ##     ##  ##   ##  ##       ##
     ######    ##  ########  ######   ########  #########  ######  ######
     ##        ##  ##    ##  ##       ##     ## ##     ##       ## ##
     ##       #### ##     ## ######## ########  ##     ##  ######  ########

You're about to initialize a Firebase project in this directory:

  D:\coding folder\Angular-Excersies\scuba-diving

[info] 
=== Project Setup
[info] 
[info] First, let's associate this project directory with a Firebase project.
[info] You can create multiple project aliases by running firebase use --add, 
[info] but for now we'll just set up a default project.
[info] 
[debug] [2022-11-08T01:22:12.050Z] >>> [apiv2][query] GET https://firebase.googleapis.com/v1beta1/projects pageSize=100
[debug] [2022-11-08T01:22:12.415Z] <<< [apiv2][status] GET https://firebase.googleapis.com/v1beta1/projects 200
[debug] [2022-11-08T01:22:12.416Z] <<< [apiv2][body] GET https://firebase.googleapis.com/v1beta1/projects [omitted]
[info] i  Using project scuba-diving-3afc2 (Scuba-diving) 
[info] 
=== Hosting Setup
[info] 
[info] Your public directory is the folder (relative to your project directory) that
[info] will contain Hosting assets to be uploaded with firebase deploy. If you
[info] have a build process for your assets, use your build's output directory.
[info] 
[debug] [2022-11-08T01:22:32.398Z] >>> [apiv2][query] GET https://www.gstatic.com/firebasejs/releases.json [none]
[debug] [2022-11-08T01:22:32.525Z] <<< [apiv2][status] GET https://www.gstatic.com/firebasejs/releases.json 200
[debug] [2022-11-08T01:22:32.525Z] <<< [apiv2][body] GET https://www.gstatic.com/firebasejs/releases.json {"current":{"version":"9.13.0","browserURL":"https://www.gstatic.com/firebasejs/9.13.0/firebase.js","packageURL":"https://www.gstatic.com/firebasejs/9.13.0/firebase.tgz"},"live":{"version":"9.13","browserURL":"https://www.gstatic.com/firebasejs/live/9.13/firebase.js","packageURL":"https://www.gstatic.com/firebasejs/live/9.13/firebase.tgz"},"components":{"analytics":"https://www.gstatic.com/firebasejs/9.13.0/firebase-analytics.js","app":"https://www.gstatic.com/firebasejs/9.13.0/firebase-app.js","app-check":"https://www.gstatic.com/firebasejs/9.13.0/firebase-app-check.js","auth":"https://www.gstatic.com/firebasejs/9.13.0/firebase-auth.js","auth/cordova":"https://www.gstatic.com/firebasejs/9.13.0/firebase-auth/cordova.js","auth/react-native":"https://www.gstatic.com/firebasejs/9.13.0/firebase-auth/react-native.js","functions":"https://www.gstatic.com/firebasejs/9.13.0/firebase-functions.js","firestore":"https://www.gstatic.com/firebasejs/9.13.0/firebase-firestore.js","firestore/lite":"https://www.gstatic.com/firebasejs/9.13.0/firebase-firestore/lite.js","installations":"https://www.gstatic.com/firebasejs/9.13.0/firebase-installations.js","storage":"https://www.gstatic.com/firebasejs/9.13.0/firebase-storage.js","performance":"https://www.gstatic.com/firebasejs/9.13.0/firebase-performance.js","remote-config":"https://www.gstatic.com/firebasejs/9.13.0/firebase-remote-config.js","messaging":"https://www.gstatic.com/firebasejs/9.13.0/firebase-messaging.js","messaging/sw":"https://www.gstatic.com/firebasejs/9.13.0/firebase-messaging/sw.js","database":"https://www.gstatic.com/firebasejs/9.13.0/firebase-database.js","firestore.memory":"https://www.gstatic.com/firebasejs/9.13.0/firebase-firestore.memory.js"}}
[info] +  Wrote public/index.html 
[info] 
[info] i  Detected a .git folder at D:\coding folder\Angular-Excersies 
[info] i  Authorizing with GitHub to upload your service account to a GitHub repository's secrets store. 
[info] 
[info] Visit this URL on this device to log in:
[info] https://github.com/login/oauth/authorize?client_id=89cf50f02ac6aaed3484&state=778608146&redirect_uri=http%3A%2F%2Flocalhost%3A9005&scope=read%3Auser%20repo%20public_repo
[info] 
[info] Waiting for authentication...
[debug] [2022-11-08T01:23:31.120Z] >>> [apiv2][query] POST https://github.com/login/oauth/access_token [none]
[debug] [2022-11-08T01:23:31.120Z] >>> [apiv2][body] POST https://github.com/login/oauth/access_token [stream]
[debug] [2022-11-08T01:23:31.441Z] <<< [apiv2][status] POST https://github.com/login/oauth/access_token 200
[debug] [2022-11-08T01:23:31.441Z] <<< [apiv2][body] POST https://github.com/login/oauth/access_token {"access_token":"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","token_type":"bearer","scope":"read:user,repo"}
[debug] [2022-11-08T01:23:31.446Z] >>> [apiv2][query] GET https://api.github.com/user [none]
[debug] [2022-11-08T01:23:31.749Z] <<< [apiv2][status] GET https://api.github.com/user 200
[debug] [2022-11-08T01:23:31.749Z] <<< [apiv2][body] GET https://api.github.com/user {"login":"Jhulen37","id":111541579,"node_id":"U_kgDOBqX9Sw","avatar_url":"https://avatars.githubusercontent.com/u/111541579?v=4","gravatar_id":"","url":"https://api.github.com/users/Jhulen37","html_url":"https://github.com/Jhulen37","followers_url":"https://api.github.com/users/Jhulen37/followers","following_url":"https://api.github.com/users/Jhulen37/following{/other_user}","gists_url":"https://api.github.com/users/Jhulen37/gists{/gist_id}","starred_url":"https://api.github.com/users/Jhulen37/starred{/owner}{/repo}","subscriptions_url":"https://api.github.com/users/Jhulen37/subscriptions","organizations_url":"https://api.github.com/users/Jhulen37/orgs","repos_url":"https://api.github.com/users/Jhulen37/repos","events_url":"https://api.github.com/users/Jhulen37/events{/privacy}","received_events_url":"https://api.github.com/users/Jhulen37/received_events","type":"User","site_admin":false,"name":"Jack Hulen","company":null,"blog":"","location":null,"email":null,"hireable":null,"bio":null,"twitter_username":null,"public_repos":3,"public_gists":0,"followers":0,"following":0,"created_at":"2022-08-18T22:36:23Z","updated_at":"2022-09-21T06:45:42Z","private_gists":0,"total_private_repos":0,"owned_private_repos":0,"disk_usage":582,"collaborators":0,"two_factor_authentication":false,"plan":{"name":"free","space":976562499,"collaborators":0,"private_repos":10000}}
[info] 
[info] +  Success! Logged into GitHub as Jhulen37 
[info] 
[debug] [2022-11-08T01:23:40.576Z] >>> [apiv2][query] GET https://api.github.com/repos//actions/secrets/public-key type=owner
[debug] [2022-11-08T01:23:40.794Z] <<< [apiv2][status] GET https://api.github.com/repos//actions/secrets/public-key 404
[debug] [2022-11-08T01:23:40.794Z] <<< [apiv2][body] GET https://api.github.com/repos//actions/secrets/public-key {"message":"Not Found","documentation_url":"https://docs.github.com/rest"}
[debug] [2022-11-08T01:23:50.855Z] >>> [apiv2][query] GET https://api.github.com/repos//actions/secrets/public-key type=owner
[debug] [2022-11-08T01:23:51.095Z] <<< [apiv2][status] GET https://api.github.com/repos//actions/secrets/public-key 404
[debug] [2022-11-08T01:23:51.095Z] <<< [apiv2][body] GET https://api.github.com/repos//actions/secrets/public-key {"message":"Not Found","documentation_url":"https://docs.github.com/rest"}
